<?xml version="1.0" encoding="UTF-8"?>
<testng-results ignored="0" total="1" passed="1" failed="0" skipped="0">
  <reporter-output>
  </reporter-output>
  <suite started-at="2019-12-19T19:18:22 IST" name="Suite" finished-at="2019-12-19T19:18:22 IST" duration-ms="39">
    <groups>
    </groups>
    <test started-at="2019-12-19T19:18:22 IST" name="Test" finished-at="2019-12-19T19:18:22 IST" duration-ms="39">
      <class name="com.dev.build.BuildDev">
        <test-method signature="demo()[pri:0, instance:com.dev.build.BuildDev@77e9807f]" started-at="2019-12-19T19:18:22 IST" name="demo" finished-at="2019-12-19T19:18:22 IST" duration-ms="8" status="PASS">
          <reporter-output>
          </reporter-output>
        </test-method> <!-- demo -->
      </class> <!-- com.dev.build.BuildDev -->
    </test> <!-- Test -->
  </suite> <!-- Suite -->
</testng-results>
